<?xml version="1.0" encoding="UTF-8"?>
<!-- Generated by org.testng.reporters.JUnitReportReporter -->
<testsuite skipped="0" hostname="WIN-6INJRAB8CQ2" name="qaclickacademy.ApiumTest" tests="2" failures="0" timestamp="2019-11-20T13:05:08 IST" time="0.000" errors="0">
  <testcase name="SamsungTest" time="0.000" classname="qaclickacademy.ApiumTest"/>
  <testcase name="AndroidAPP" time="0.000" classname="qaclickacademy.ApiumTest"/>
</testsuite> <!-- qaclickacademy.ApiumTest -->
