<?xml version="1.0" encoding="UTF-8"?>
<!-- Generated by org.testng.reporters.JUnitReportReporter -->
<testsuite hostname="WIN-6INJRAB8CQ2" failures="0" tests="2" name="qaclickacademy.APITests" time="0.016" errors="0" timestamp="2019-11-17T13:47:58 IST" skipped="0">
  <testcase classname="qaclickacademy.APITests" name="Djira" time="0.016"/>
  <testcase classname="qaclickacademy.APITests" name="TwitterDellete" time="0.000"/>
</testsuite> <!-- qaclickacademy.APITests -->
